<?xml version="1.0" encoding="utf-8" standalone="no"?>
<!--This file represents the results of running a test suite-->
<test-results name="/var/calculate/remote/distfiles/egit-src/deveeldb.git/src/deveeldb-nunit/bin/Debug/deveeldb-nunit.dll" total="312" errors="75" failures="61" not-run="0" inconclusive="1" ignored="0" skipped="0" invalid="0" date="2016-01-06" time="09:00:19">
  <environment nunit-version="2.6.4.0" clr-version="4.0.30319.17020" os-version="Unix 4.2.0.0" platform="Unix" cwd="/var/calculate/remote/distfiles/egit-src/deveeldb.git/src/deveeldb-nunit" machine-name="sabayon" user="root" user-domain="sabayon" />
  <culture-info current-culture="en-US" current-uiculture="en-US" />
  <test-suite type="Assembly" name="/var/calculate/remote/distfiles/egit-src/deveeldb.git/src/deveeldb-nunit/bin/Debug/deveeldb-nunit.dll" executed="True" result="Failure" success="False" time="7.538" asserts="0">
    <results>
      <test-suite type="Namespace" name="Deveel" executed="True" result="Failure" success="False" time="7.532" asserts="0">
        <results>
          <test-suite type="Namespace" name="Data" executed="True" result="Failure" success="False" time="7.528" asserts="0">
            <results>
              <test-suite type="TestFixture" name="BooleanObjectTest" executed="True" result="Success" success="True" time="0.038" asserts="0">
                <results>
                  <test-case name="Deveel.Data.BooleanObjectTest.Convert_False_ToNumber" executed="True" result="Success" success="True" time="0.026" asserts="6" />
                  <test-case name="Deveel.Data.BooleanObjectTest.Convert_Null_ToNumber" executed="True" result="Success" success="True" time="0.001" asserts="7" />
                  <test-case name="Deveel.Data.BooleanObjectTest.Convert_True_ToNumber" executed="True" result="Success" success="True" time="0.000" asserts="6" />
                  <test-case name="Deveel.Data.BooleanObjectTest.Create_False" executed="True" result="Success" success="True" time="0.000" asserts="3" />
                  <test-case name="Deveel.Data.BooleanObjectTest.Create_Null" executed="True" result="Success" success="True" time="0.000" asserts="4" />
                  <test-case name="Deveel.Data.BooleanObjectTest.Create_True" executed="True" result="Success" success="True" time="0.000" asserts="3" />
                </results>
              </test-suite>
              <test-suite type="Namespace" name="Caching" executed="True" result="Success" success="True" time="0.004" asserts="0">
                <results>
                  <test-suite type="TestFixture" name="MemoryCacheTests" executed="True" result="Success" success="True" time="0.004" asserts="0">
                    <results>
                      <test-case name="Deveel.Data.Caching.MemoryCacheTests.CreateWithoutErrors" executed="True" result="Success" success="True" time="0.001" asserts="2" />
                      <test-case name="Deveel.Data.Caching.MemoryCacheTests.SetAndGetValue" executed="True" result="Success" success="True" time="0.002" asserts="5" />
                      <test-case name="Deveel.Data.Caching.MemoryCacheTests.SetValue" executed="True" result="Success" success="True" time="0.000" asserts="2" />
                    </results>
                  </test-suite>
                </results>
              </test-suite>
              <test-suite type="Namespace" name="Client" executed="True" result="Failure" success="False" time="1.576" asserts="0">
                <results>
                  <test-suite type="TestFixture" name="DbConnectionTests" executed="True" result="Failure" success="False" time="1.576" asserts="0">
                    <results>
                      <test-case name="Deveel.Data.Client.DbConnectionTests.OpenForAdmin" executed="True" result="Error" success="False" time="1.403" asserts="0">
                        <failure>
                          <message><![CDATA[SetUp : Deveel.Data.DatabaseSystemException : An error occurred while creating the database.
  ----> Deveel.Data.Sql.Parser.SqlParseException : Exception of type 'Deveel.Data.Sql.Parser.SqlParseException' was thrown.]]></message>
                          <stack-trace><![CDATA[at Deveel.Data.Database.Create (System.String adminName, System.String adminPassword) <0x416ed2c0 + 0x002d3> in <filename unknown>:0
--SqlParseException
at Deveel.Data.Sql.Statements.SqlStatement.Parse (IContext context, Deveel.Data.Sql.SqlQuery query) <0x417436e0 + 0x00123> in <filename unknown>:0
]]></stack-trace>
                        </failure>
                      </test-case>
                      <test-case name="Deveel.Data.Client.DbConnectionTests.QueryForAdmin" executed="True" result="Error" success="False" time="0.059" asserts="0">
                        <failure>
                          <message><![CDATA[SetUp : Deveel.Data.DatabaseSystemException : An error occurred while creating the database.
  ----> Deveel.Data.Sql.Parser.SqlParseException : Exception of type 'Deveel.Data.Sql.Parser.SqlParseException' was thrown.]]></message>
                          <stack-trace><![CDATA[at Deveel.Data.Database.Create (System.String adminName, System.String adminPassword) <0x416ed2c0 + 0x002d3> in <filename unknown>:0
--SqlParseException
at Deveel.Data.Sql.Statements.SqlStatement.Parse (IContext context, Deveel.Data.Sql.SqlQuery query) <0x417436e0 + 0x00123> in <filename unknown>:0
]]></stack-trace>
                        </failure>
                      </test-case>
                      <test-case name="Deveel.Data.Client.DbConnectionTests.QueryScalarForAdmin" executed="True" result="Error" success="False" time="0.059" asserts="0">
                        <failure>
                          <message><![CDATA[SetUp : Deveel.Data.DatabaseSystemException : An error occurred while creating the database.
  ----> Deveel.Data.Sql.Parser.SqlParseException : Exception of type 'Deveel.Data.Sql.Parser.SqlParseException' was thrown.]]></message>
                          <stack-trace><![CDATA[at Deveel.Data.Database.Create (System.String adminName, System.String adminPassword) <0x416ed2c0 + 0x002d3> in <filename unknown>:0
--SqlParseException
at Deveel.Data.Sql.Statements.SqlStatement.Parse (IContext context, Deveel.Data.Sql.SqlQuery query) <0x417436e0 + 0x00123> in <filename unknown>:0
]]></stack-trace>
                        </failure>
                      </test-case>
                    </results>
                  </test-suite>
                </results>
              </test-suite>
              <test-suite type="Namespace" name="Configuration" executed="True" result="Success" success="True" time="0.026" asserts="0">
                <results>
                  <test-suite type="TestFixture" name="DbConfigTests" executed="True" result="Success" success="True" time="0.026" asserts="0">
                    <results>
                      <test-case name="Deveel.Data.Configuration.DbConfigTests.DefaultConfig" executed="True" result="Success" success="True" time="0.001" asserts="4" />
                      <test-case name="Deveel.Data.Configuration.DbConfigTests.Extensions_LoadFromProperties" executed="True" result="Success" success="True" time="0.006" asserts="7" />
                      <test-suite type="ParameterizedTest" name="GetBooleanValue" executed="True" result="Success" success="True" time="0.003" asserts="0">
                        <results>
                          <test-case name="Deveel.Data.Configuration.DbConfigTests.GetBooleanValue(&quot;test&quot;,&quot;true&quot;,True)" executed="True" result="Success" success="True" time="0.001" asserts="7" />
                          <test-case name="Deveel.Data.Configuration.DbConfigTests.GetBooleanValue(&quot;test&quot;,&quot;false&quot;,False)" executed="True" result="Success" success="True" time="0.000" asserts="7" />
                          <test-case name="Deveel.Data.Configuration.DbConfigTests.GetBooleanValue(&quot;test&quot;,&quot;off&quot;,False)" executed="True" result="Success" success="True" time="0.000" asserts="7" />
                          <test-case name="Deveel.Data.Configuration.DbConfigTests.GetBooleanValue(&quot;test&quot;,&quot;on&quot;,True)" executed="True" result="Success" success="True" time="0.000" asserts="7" />
                          <test-case name="Deveel.Data.Configuration.DbConfigTests.GetBooleanValue(&quot;test&quot;,&quot;enabled&quot;,True)" executed="True" result="Success" success="True" time="0.000" asserts="7" />
                        </results>
                      </test-suite>
                      <test-suite type="ParameterizedTest" name="GetEnumValue" executed="True" result="Success" success="True" time="0.003" asserts="0">
                        <results>
                          <test-case name="Deveel.Data.Configuration.DbConfigTests.GetEnumValue(1,One)" executed="True" result="Success" success="True" time="0.001" asserts="6" />
                          <test-case name="Deveel.Data.Configuration.DbConfigTests.GetEnumValue(&quot;one&quot;,One)" executed="True" result="Success" success="True" time="0.000" asserts="6" />
                          <test-case name="Deveel.Data.Configuration.DbConfigTests.GetEnumValue(&quot;TWO&quot;,Two)" executed="True" result="Success" success="True" time="0.000" asserts="6" />
                          <test-case name="Deveel.Data.Configuration.DbConfigTests.GetEnumValue(null,Default)" executed="True" result="Success" success="True" time="0.000" asserts="6" />
                        </results>
                      </test-suite>
                      <test-case name="Deveel.Data.Configuration.DbConfigTests.GetValueAsInt32" executed="True" result="Success" success="True" time="0.002" asserts="7" />
                      <test-case name="Deveel.Data.Configuration.DbConfigTests.GetValuesFromChild" executed="True" result="Success" success="True" time="0.001" asserts="15" />
                      <test-case name="Deveel.Data.Configuration.DbConfigTests.GetValuesFromRoot" executed="True" result="Success" success="True" time="0.001" asserts="10" />
                    </results>
                  </test-suite>
                </results>
              </test-suite>
              <test-suite type="TestFixture" name="DatabaseTests" executed="True" result="Failure" success="False" time="0.130" asserts="0">
                <results>
                  <test-case name="Deveel.Data.DatabaseTests.AuthenticateAdmin" executed="True" result="Error" success="False" time="0.059" asserts="0">
                    <failure>
                      <message><![CDATA[SetUp : Deveel.Data.DatabaseSystemException : An error occurred while creating the database.
  ----> Deveel.Data.Sql.Parser.SqlParseException : Exception of type 'Deveel.Data.Sql.Parser.SqlParseException' was thrown.]]></message>
                      <stack-trace><![CDATA[at Deveel.Data.Database.Create (System.String adminName, System.String adminPassword) <0x416ed2c0 + 0x002d3> in <filename unknown>:0
--SqlParseException
at Deveel.Data.Sql.Statements.SqlStatement.Parse (IContext context, Deveel.Data.Sql.SqlQuery query) <0x417436e0 + 0x00123> in <filename unknown>:0
]]></stack-trace>
                    </failure>
                  </test-case>
                  <test-case name="Deveel.Data.DatabaseTests.CreateNew" executed="True" result="Error" success="False" time="0.064" asserts="0">
                    <failure>
                      <message><![CDATA[Deveel.Data.DatabaseSystemException : An error occurred while creating the database.
  ----> Deveel.Data.Sql.Parser.SqlParseException : Exception of type 'Deveel.Data.Sql.Parser.SqlParseException' was thrown.]]></message>
                      <stack-trace><![CDATA[at Deveel.Data.Database.Create (System.String adminName, System.String adminPassword) <0x416ed2c0 + 0x002d3> in <filename unknown>:0
--SqlParseException
at Deveel.Data.Sql.Statements.SqlStatement.Parse (IContext context, Deveel.Data.Sql.SqlQuery query) <0x417436e0 + 0x00123> in <filename unknown>:0
]]></stack-trace>
                    </failure>
                  </test-case>
                  <test-case name="Deveel.Data.DatabaseTests.DatabaseNotExists" executed="True" result="Success" success="True" time="0.001" asserts="1" />
                </results>
              </test-suite>
              <test-suite type="Namespace" name="Diagnostics" executed="True" result="Failure" success="False" time="0.445" asserts="0">
                <results>
                  <test-suite type="TestFixture" name="EventsTests" executed="True" result="Failure" success="False" time="0.441" asserts="0">
                    <results>
                      <test-case name="Deveel.Data.Diagnostics.EventsTests.AttachRouter" executed="True" result="Error" success="False" time="0.058" asserts="0">
                        <failure>
                          <message><![CDATA[SetUp : Deveel.Data.DatabaseSystemException : An error occurred while creating the database.
  ----> Deveel.Data.Sql.Parser.SqlParseException : Exception of type 'Deveel.Data.Sql.Parser.SqlParseException' was thrown.]]></message>
                          <stack-trace><![CDATA[at Deveel.Data.Database.Create (System.String adminName, System.String adminPassword) <0x416ed2c0 + 0x002d3> in <filename unknown>:0
--SqlParseException
at Deveel.Data.Sql.Statements.SqlStatement.Parse (IContext context, Deveel.Data.Sql.SqlQuery query) <0x417436e0 + 0x00123> in <filename unknown>:0
]]></stack-trace>
                        </failure>
                      </test-case>
                      <test-case name="Deveel.Data.Diagnostics.EventsTests.FireAtLowerLevelAndListenAtHighest" executed="True" result="Error" success="False" time="0.059" asserts="0">
                        <failure>
                          <message><![CDATA[SetUp : Deveel.Data.DatabaseSystemException : An error occurred while creating the database.
  ----> Deveel.Data.Sql.Parser.SqlParseException : Exception of type 'Deveel.Data.Sql.Parser.SqlParseException' was thrown.]]></message>
                          <stack-trace><![CDATA[at Deveel.Data.Database.Create (System.String adminName, System.String adminPassword) <0x416ed2c0 + 0x002d3> in <filename unknown>:0
--SqlParseException
at Deveel.Data.Sql.Statements.SqlStatement.Parse (IContext context, Deveel.Data.Sql.SqlQuery query) <0x417436e0 + 0x00123> in <filename unknown>:0
]]></stack-trace>
                        </failure>
                      </test-case>
                      <test-case name="Deveel.Data.Diagnostics.EventsTests.RouteError" executed="True" result="Error" success="False" time="0.064" asserts="0">
                        <failure>
                          <message><![CDATA[SetUp : Deveel.Data.DatabaseSystemException : An error occurred while creating the database.
  ----> Deveel.Data.Sql.Parser.SqlParseException : Exception of type 'Deveel.Data.Sql.Parser.SqlParseException' was thrown.]]></message>
                          <stack-trace><![CDATA[at Deveel.Data.Database.Create (System.String adminName, System.String adminPassword) <0x416ed2c0 + 0x002d3> in <filename unknown>:0
--SqlParseException
at Deveel.Data.Sql.Statements.SqlStatement.Parse (IContext context, Deveel.Data.Sql.SqlQuery query) <0x417436e0 + 0x00123> in <filename unknown>:0
]]></stack-trace>
                        </failure>
                      </test-case>
                      <test-case name="Deveel.Data.Diagnostics.EventsTests.RouteOneRegisteredMany" executed="True" result="Error" success="False" time="0.060" asserts="0">
                        <failure>
                          <message><![CDATA[SetUp : Deveel.Data.DatabaseSystemException : An error occurred while creating the database.
  ----> Deveel.Data.Sql.Parser.SqlParseException : Exception of type 'Deveel.Data.Sql.Parser.SqlParseException' was thrown.]]></message>
                          <stack-trace><![CDATA[at Deveel.Data.Database.Create (System.String adminName, System.String adminPassword) <0x416ed2c0 + 0x002d3> in <filename unknown>:0
--SqlParseException
at Deveel.Data.Sql.Statements.SqlStatement.Parse (IContext context, Deveel.Data.Sql.SqlQuery query) <0x417436e0 + 0x00123> in <filename unknown>:0
]]></stack-trace>
                        </failure>
                      </test-case>
                      <test-case name="Deveel.Data.Diagnostics.EventsTests.RouteOnlyOnce" executed="True" result="Error" success="False" time="0.060" asserts="0">
                        <failure>
                          <message><![CDATA[SetUp : Deveel.Data.DatabaseSystemException : An error occurred while creating the database.
  ----> Deveel.Data.Sql.Parser.SqlParseException : Exception of type 'Deveel.Data.Sql.Parser.SqlParseException' was thrown.]]></message>
                          <stack-trace><![CDATA[at Deveel.Data.Database.Create (System.String adminName, System.String adminPassword) <0x416ed2c0 + 0x002d3> in <filename unknown>:0
--SqlParseException
at Deveel.Data.Sql.Statements.SqlStatement.Parse (IContext context, Deveel.Data.Sql.SqlQuery query) <0x417436e0 + 0x00123> in <filename unknown>:0
]]></stack-trace>
                        </failure>
                      </test-case>
                      <test-case name="Deveel.Data.Diagnostics.EventsTests.RouteOnlyOnceForSameEventType" executed="True" result="Error" success="False" time="0.059" asserts="0">
                        <failure>
                          <message><![CDATA[SetUp : Deveel.Data.DatabaseSystemException : An error occurred while creating the database.
  ----> Deveel.Data.Sql.Parser.SqlParseException : Exception of type 'Deveel.Data.Sql.Parser.SqlParseException' was thrown.]]></message>
                          <stack-trace><![CDATA[at Deveel.Data.Database.Create (System.String adminName, System.String adminPassword) <0x416ed2c0 + 0x002d3> in <filename unknown>:0
--SqlParseException
at Deveel.Data.Sql.Statements.SqlStatement.Parse (IContext context, Deveel.Data.Sql.SqlQuery query) <0x417436e0 + 0x00123> in <filename unknown>:0
]]></stack-trace>
                        </failure>
                      </test-case>
                      <test-case name="Deveel.Data.Diagnostics.EventsTests.RouteTwiceForSameEventType" executed="True" result="Error" success="False" time="0.061" asserts="0">
                        <failure>
                          <message><![CDATA[SetUp : Deveel.Data.DatabaseSystemException : An error occurred while creating the database.
  ----> Deveel.Data.Sql.Parser.SqlParseException : Exception of type 'Deveel.Data.Sql.Parser.SqlParseException' was thrown.]]></message>
                          <stack-trace><![CDATA[at Deveel.Data.Database.Create (System.String adminName, System.String adminPassword) <0x416ed2c0 + 0x002d3> in <filename unknown>:0
--SqlParseException
at Deveel.Data.Sql.Statements.SqlStatement.Parse (IContext context, Deveel.Data.Sql.SqlQuery query) <0x417436e0 + 0x00123> in <filename unknown>:0
]]></stack-trace>
                        </failure>
                      </test-case>
                    </results>
                  </test-suite>
                  <test-suite type="TestFixture" name="LoggerTests" executed="True" result="Inconclusive" success="False" time="0.000" asserts="0" />
                </results>
              </test-suite>
              <test-suite type="Namespace" name="Index" executed="True" result="Success" success="True" time="0.010" asserts="0">
                <results>
                  <test-suite type="TestFixture" name="BlindSearchTests" executed="True" result="Success" success="True" time="0.009" asserts="0">
                    <results>
                      <test-case name="Deveel.Data.Index.BlindSearchTests.SelectEqualOneColumn" executed="True" result="Success" success="True" time="0.008" asserts="3" />
                      <test-case name="Deveel.Data.Index.BlindSearchTests.SelectEqualTwoColumns" executed="True" result="Success" success="True" time="0.000" asserts="3" />
                      <test-case name="Deveel.Data.Index.BlindSearchTests.SelectGreater" executed="True" result="Success" success="True" time="0.000" asserts="4" />
                    </results>
                  </test-suite>
                </results>
              </test-suite>
              <test-suite type="TestFixture" name="NullObjectTest" executed="True" result="Success" success="True" time="0.001" asserts="0">
                <results>
                  <test-case name="Deveel.Data.NullObjectTest.NullObjectEqualsDbNull" executed="True" result="Success" success="True" time="0.000" asserts="2" />
                  <test-case name="Deveel.Data.NullObjectTest.NullObjectEqualsNull" executed="True" result="Success" success="True" time="0.000" asserts="5" />
                </results>
              </test-suite>
              <test-suite type="TestFixture" name="NumericObjectTests" executed="True" result="Success" success="True" time="0.014" asserts="0">
                <categories>
                  <category name="Data Objects" />
                  <category name="Numbers" />
                </categories>
                <results>
                  <test-case name="Deveel.Data.NumericObjectTests.BigInt_Create" executed="True" result="Success" success="True" time="0.001" asserts="4" />
                  <test-case name="Deveel.Data.NumericObjectTests.Integer_Compare_Equal" executed="True" result="Success" success="True" time="0.000" asserts="8" />
                  <test-case name="Deveel.Data.NumericObjectTests.Integer_Compare_NotEqual" executed="True" result="Success" success="True" time="0.000" asserts="8" />
                  <test-case name="Deveel.Data.NumericObjectTests.Integer_Convert_ToBoolean" executed="True" result="Success" success="True" time="0.001" asserts="8" />
                  <test-case name="Deveel.Data.NumericObjectTests.Integer_Convert_ToDouble" executed="True" result="Success" success="True" time="0.002" asserts="8" />
                  <test-case name="Deveel.Data.NumericObjectTests.Integer_Convert_ToVarChar" executed="True" result="Success" success="True" time="0.002" asserts="8" />
                  <test-case name="Deveel.Data.NumericObjectTests.Integer_Create" executed="True" result="Success" success="True" time="0.000" asserts="4" />
                </results>
              </test-suite>
              <test-suite type="TestFixture" name="ObjectNameTest" executed="True" result="Success" success="True" time="0.006" asserts="0">
                <categories>
                  <category name="Object Name" />
                </categories>
                <results>
                  <test-case name="Deveel.Data.ObjectNameTest.ComplexName" executed="True" result="Success" success="True" time="0.000" asserts="7" />
                  <test-case name="Deveel.Data.ObjectNameTest.ComplexName_Parse" executed="True" result="Success" success="True" time="0.000" asserts="8" />
                  <test-case name="Deveel.Data.ObjectNameTest.ComplexNameWithGlob" executed="True" result="Success" success="True" time="0.000" asserts="7" />
                  <test-case name="Deveel.Data.ObjectNameTest.SimpleName" executed="True" result="Success" success="True" time="0.000" asserts="5" />
                  <test-case name="Deveel.Data.ObjectNameTest.SimpleName_Compare" executed="True" result="Success" success="True" time="0.000" asserts="2" />
                  <test-case name="Deveel.Data.ObjectNameTest.SimpleName_Equals" executed="True" result="Success" success="True" time="0.000" asserts="1" />
                  <test-case name="Deveel.Data.ObjectNameTest.SimpleName_NotEquals" executed="True" result="Success" success="True" time="0.000" asserts="1" />
                  <test-case name="Deveel.Data.ObjectNameTest.SimpleName_Parse" executed="True" result="Success" success="True" time="0.000" asserts="5" />
                </results>
              </test-suite>
              <test-suite type="Namespace" name="Routines" executed="True" result="Failure" success="False" time="0.504" asserts="0">
                <results>
                  <test-suite type="TestFixture" name="FunctionBuildTests" executed="True" result="Failure" success="False" time="0.122" asserts="0">
                    <results>
                      <test-case name="Deveel.Data.Routines.FunctionBuildTests.ScalarWithNoArguments" executed="True" result="Error" success="False" time="0.059" asserts="0">
                        <failure>
                          <message><![CDATA[SetUp : Deveel.Data.DatabaseSystemException : An error occurred while creating the database.
  ----> Deveel.Data.Sql.Parser.SqlParseException : Exception of type 'Deveel.Data.Sql.Parser.SqlParseException' was thrown.]]></message>
                          <stack-trace><![CDATA[at Deveel.Data.Database.Create (System.String adminName, System.String adminPassword) <0x416ed2c0 + 0x002d3> in <filename unknown>:0
--SqlParseException
at Deveel.Data.Sql.Statements.SqlStatement.Parse (IContext context, Deveel.Data.Sql.SqlQuery query) <0x417436e0 + 0x00123> in <filename unknown>:0
]]></stack-trace>
                        </failure>
                      </test-case>
                      <test-case name="Deveel.Data.Routines.FunctionBuildTests.ScalarWithTwoArgument" executed="True" result="Error" success="False" time="0.060" asserts="0">
                        <failure>
                          <message><![CDATA[SetUp : Deveel.Data.DatabaseSystemException : An error occurred while creating the database.
  ----> Deveel.Data.Sql.Parser.SqlParseException : Exception of type 'Deveel.Data.Sql.Parser.SqlParseException' was thrown.]]></message>
                          <stack-trace><![CDATA[at Deveel.Data.Database.Create (System.String adminName, System.String adminPassword) <0x416ed2c0 + 0x002d3> in <filename unknown>:0
--SqlParseException
at Deveel.Data.Sql.Statements.SqlStatement.Parse (IContext context, Deveel.Data.Sql.SqlQuery query) <0x417436e0 + 0x00123> in <filename unknown>:0
]]></stack-trace>
                        </failure>
                      </test-case>
                    </results>
                  </test-suite>
                  <test-suite type="TestFixture" name="SystemFunctionTests" executed="True" result="Failure" success="False" time="0.379" asserts="0">
                    <results>
                      <test-case name="Deveel.Data.Routines.SystemFunctionTests.InvokeDateToString" executed="True" result="Error" success="False" time="0.060" asserts="0">
                        <failure>
                          <message><![CDATA[SetUp : Deveel.Data.DatabaseSystemException : An error occurred while creating the database.
  ----> Deveel.Data.Sql.Parser.SqlParseException : Exception of type 'Deveel.Data.Sql.Parser.SqlParseException' was thrown.]]></message>
                          <stack-trace><![CDATA[at Deveel.Data.Database.Create (System.String adminName, System.String adminPassword) <0x416ed2c0 + 0x002d3> in <filename unknown>:0
--SqlParseException
at Deveel.Data.Sql.Statements.SqlStatement.Parse (IContext context, Deveel.Data.Sql.SqlQuery query) <0x417436e0 + 0x00123> in <filename unknown>:0
]]></stack-trace>
                        </failure>
                      </test-case>
                      <test-case name="Deveel.Data.Routines.SystemFunctionTests.InvokeIntegerToString" executed="True" result="Error" success="False" time="0.059" asserts="0">
                        <failure>
                          <message><![CDATA[SetUp : Deveel.Data.DatabaseSystemException : An error occurred while creating the database.
  ----> Deveel.Data.Sql.Parser.SqlParseException : Exception of type 'Deveel.Data.Sql.Parser.SqlParseException' was thrown.]]></message>
                          <stack-trace><![CDATA[at Deveel.Data.Database.Create (System.String adminName, System.String adminPassword) <0x416ed2c0 + 0x002d3> in <filename unknown>:0
--SqlParseException
at Deveel.Data.Sql.Statements.SqlStatement.Parse (IContext context, Deveel.Data.Sql.SqlQuery query) <0x417436e0 + 0x00123> in <filename unknown>:0
]]></stack-trace>
                        </failure>
                      </test-case>
                      <test-case name="Deveel.Data.Routines.SystemFunctionTests.InvokeTimeStampToString_NoFormat" executed="True" result="Error" success="False" time="0.061" asserts="0">
                        <failure>
                          <message><![CDATA[SetUp : Deveel.Data.DatabaseSystemException : An error occurred while creating the database.
  ----> Deveel.Data.Sql.Parser.SqlParseException : Exception of type 'Deveel.Data.Sql.Parser.SqlParseException' was thrown.]]></message>
                          <stack-trace><![CDATA[at Deveel.Data.Database.Create (System.String adminName, System.String adminPassword) <0x416ed2c0 + 0x002d3> in <filename unknown>:0
--SqlParseException
at Deveel.Data.Sql.Statements.SqlStatement.Parse (IContext context, Deveel.Data.Sql.SqlQuery query) <0x417436e0 + 0x00123> in <filename unknown>:0
]]></stack-trace>
                        </failure>
                      </test-case>
                      <test-case name="Deveel.Data.Routines.SystemFunctionTests.InvokeUserFunction" executed="True" result="Error" success="False" time="0.060" asserts="0">
                        <failure>
                          <message><![CDATA[SetUp : Deveel.Data.DatabaseSystemException : An error occurred while creating the database.
  ----> Deveel.Data.Sql.Parser.SqlParseException : Exception of type 'Deveel.Data.Sql.Parser.SqlParseException' was thrown.]]></message>
                          <stack-trace><![CDATA[at Deveel.Data.Database.Create (System.String adminName, System.String adminPassword) <0x416ed2c0 + 0x002d3> in <filename unknown>:0
--SqlParseException
at Deveel.Data.Sql.Statements.SqlStatement.Parse (IContext context, Deveel.Data.Sql.SqlQuery query) <0x417436e0 + 0x00123> in <filename unknown>:0
]]></stack-trace>
                        </failure>
                      </test-case>
                      <test-case name="Deveel.Data.Routines.SystemFunctionTests.ResolveSystemFunctionFullyQualified" executed="True" result="Error" success="False" time="0.064" asserts="0">
                        <failure>
                          <message><![CDATA[SetUp : Deveel.Data.DatabaseSystemException : An error occurred while creating the database.
  ----> Deveel.Data.Sql.Parser.SqlParseException : Exception of type 'Deveel.Data.Sql.Parser.SqlParseException' was thrown.]]></message>
                          <stack-trace><![CDATA[at Deveel.Data.Database.Create (System.String adminName, System.String adminPassword) <0x416ed2c0 + 0x002d3> in <filename unknown>:0
--SqlParseException
at Deveel.Data.Sql.Statements.SqlStatement.Parse (IContext context, Deveel.Data.Sql.SqlQuery query) <0x417436e0 + 0x00123> in <filename unknown>:0
]]></stack-trace>
                        </failure>
                      </test-case>
                      <test-case name="Deveel.Data.Routines.SystemFunctionTests.ResolveSystemFunctionWithNoSchema" executed="True" result="Error" success="False" time="0.060" asserts="0">
                        <failure>
                          <message><![CDATA[SetUp : Deveel.Data.DatabaseSystemException : An error occurred while creating the database.
  ----> Deveel.Data.Sql.Parser.SqlParseException : Exception of type 'Deveel.Data.Sql.Parser.SqlParseException' was thrown.]]></message>
                          <stack-trace><![CDATA[at Deveel.Data.Database.Create (System.String adminName, System.String adminPassword) <0x416ed2c0 + 0x002d3> in <filename unknown>:0
--SqlParseException
at Deveel.Data.Sql.Statements.SqlStatement.Parse (IContext context, Deveel.Data.Sql.SqlQuery query) <0x417436e0 + 0x00123> in <filename unknown>:0
]]></stack-trace>
                        </failure>
                      </test-case>
                    </results>
                  </test-suite>
                </results>
              </test-suite>
              <test-suite type="Namespace" name="Security" executed="True" result="Failure" success="False" time="0.508" asserts="0">
                <results>
                  <test-suite type="TestFixture" name="UserManagementTests" executed="True" result="Failure" success="False" time="0.508" asserts="0">
                    <results>
                      <test-case name="Deveel.Data.Security.UserManagementTests.AdminChangesUserPassword" executed="True" result="Error" success="False" time="0.062" asserts="0">
                        <failure>
                          <message><![CDATA[SetUp : Deveel.Data.DatabaseSystemException : An error occurred while creating the database.
  ----> Deveel.Data.Sql.Parser.SqlParseException : Exception of type 'Deveel.Data.Sql.Parser.SqlParseException' was thrown.]]></message>
                          <stack-trace><![CDATA[at Deveel.Data.Database.Create (System.String adminName, System.String adminPassword) <0x416ed2c0 + 0x002d3> in <filename unknown>:0
--SqlParseException
at Deveel.Data.Sql.Statements.SqlStatement.Parse (IContext context, Deveel.Data.Sql.SqlQuery query) <0x417436e0 + 0x00123> in <filename unknown>:0
]]></stack-trace>
                        </failure>
                      </test-case>
                      <test-case name="Deveel.Data.Security.UserManagementTests.Authenticate_Fail" executed="True" result="Error" success="False" time="0.062" asserts="0">
                        <failure>
                          <message><![CDATA[SetUp : Deveel.Data.DatabaseSystemException : An error occurred while creating the database.
  ----> Deveel.Data.Sql.Parser.SqlParseException : Exception of type 'Deveel.Data.Sql.Parser.SqlParseException' was thrown.]]></message>
                          <stack-trace><![CDATA[at Deveel.Data.Database.Create (System.String adminName, System.String adminPassword) <0x416ed2c0 + 0x002d3> in <filename unknown>:0
--SqlParseException
at Deveel.Data.Sql.Statements.SqlStatement.Parse (IContext context, Deveel.Data.Sql.SqlQuery query) <0x417436e0 + 0x00123> in <filename unknown>:0
]]></stack-trace>
                        </failure>
                      </test-case>
                      <test-case name="Deveel.Data.Security.UserManagementTests.Authenticate_Success" executed="True" result="Error" success="False" time="0.061" asserts="0">
                        <failure>
                          <message><![CDATA[SetUp : Deveel.Data.DatabaseSystemException : An error occurred while creating the database.
  ----> Deveel.Data.Sql.Parser.SqlParseException : Exception of type 'Deveel.Data.Sql.Parser.SqlParseException' was thrown.]]></message>
                          <stack-trace><![CDATA[at Deveel.Data.Database.Create (System.String adminName, System.String adminPassword) <0x416ed2c0 + 0x002d3> in <filename unknown>:0
--SqlParseException
at Deveel.Data.Sql.Statements.SqlStatement.Parse (IContext context, Deveel.Data.Sql.SqlQuery query) <0x417436e0 + 0x00123> in <filename unknown>:0
]]></stack-trace>
                        </failure>
                      </test-case>
                      <test-case name="Deveel.Data.Security.UserManagementTests.CreateExistingUser" executed="True" result="Error" success="False" time="0.060" asserts="0">
                        <failure>
                          <message><![CDATA[SetUp : Deveel.Data.DatabaseSystemException : An error occurred while creating the database.
  ----> Deveel.Data.Sql.Parser.SqlParseException : Exception of type 'Deveel.Data.Sql.Parser.SqlParseException' was thrown.]]></message>
                          <stack-trace><![CDATA[at Deveel.Data.Database.Create (System.String adminName, System.String adminPassword) <0x416ed2c0 + 0x002d3> in <filename unknown>:0
--SqlParseException
at Deveel.Data.Sql.Statements.SqlStatement.Parse (IContext context, Deveel.Data.Sql.SqlQuery query) <0x417436e0 + 0x00123> in <filename unknown>:0
]]></stack-trace>
                        </failure>
                      </test-case>
                      <test-case name="Deveel.Data.Security.UserManagementTests.CreateUser" executed="True" result="Error" success="False" time="0.060" asserts="0">
                        <failure>
                          <message><![CDATA[SetUp : Deveel.Data.DatabaseSystemException : An error occurred while creating the database.
  ----> Deveel.Data.Sql.Parser.SqlParseException : Exception of type 'Deveel.Data.Sql.Parser.SqlParseException' was thrown.]]></message>
                          <stack-trace><![CDATA[at Deveel.Data.Database.Create (System.String adminName, System.String adminPassword) <0x416ed2c0 + 0x002d3> in <filename unknown>:0
--SqlParseException
at Deveel.Data.Sql.Statements.SqlStatement.Parse (IContext context, Deveel.Data.Sql.SqlQuery query) <0x417436e0 + 0x00123> in <filename unknown>:0
]]></stack-trace>
                        </failure>
                      </test-case>
                      <test-case name="Deveel.Data.Security.UserManagementTests.DropUser" executed="True" result="Error" success="False" time="0.061" asserts="0">
                        <failure>
                          <message><![CDATA[SetUp : Deveel.Data.DatabaseSystemException : An error occurred while creating the database.
  ----> Deveel.Data.Sql.Parser.SqlParseException : Exception of type 'Deveel.Data.Sql.Parser.SqlParseException' was thrown.]]></message>
                          <stack-trace><![CDATA[at Deveel.Data.Database.Create (System.String adminName, System.String adminPassword) <0x416ed2c0 + 0x002d3> in <filename unknown>:0
--SqlParseException
at Deveel.Data.Sql.Statements.SqlStatement.Parse (IContext context, Deveel.Data.Sql.SqlQuery query) <0x417436e0 + 0x00123> in <filename unknown>:0
]]></stack-trace>
                        </failure>
                      </test-case>
                      <test-case name="Deveel.Data.Security.UserManagementTests.LockUser" executed="True" result="Error" success="False" time="0.061" asserts="0">
                        <failure>
                          <message><![CDATA[SetUp : Deveel.Data.DatabaseSystemException : An error occurred while creating the database.
  ----> Deveel.Data.Sql.Parser.SqlParseException : Exception of type 'Deveel.Data.Sql.Parser.SqlParseException' was thrown.]]></message>
                          <stack-trace><![CDATA[at Deveel.Data.Database.Create (System.String adminName, System.String adminPassword) <0x416ed2c0 + 0x002d3> in <filename unknown>:0
--SqlParseException
at Deveel.Data.Sql.Statements.SqlStatement.Parse (IContext context, Deveel.Data.Sql.SqlQuery query) <0x417436e0 + 0x00123> in <filename unknown>:0
]]></stack-trace>
                        </failure>
                      </test-case>
                      <test-case name="Deveel.Data.Security.UserManagementTests.SetUserGroups" executed="True" result="Error" success="False" time="0.061" asserts="0">
                        <failure>
                          <message><![CDATA[SetUp : Deveel.Data.DatabaseSystemException : An error occurred while creating the database.
  ----> Deveel.Data.Sql.Parser.SqlParseException : Exception of type 'Deveel.Data.Sql.Parser.SqlParseException' was thrown.]]></message>
                          <stack-trace><![CDATA[at Deveel.Data.Database.Create (System.String adminName, System.String adminPassword) <0x416ed2c0 + 0x002d3> in <filename unknown>:0
--SqlParseException
at Deveel.Data.Sql.Statements.SqlStatement.Parse (IContext context, Deveel.Data.Sql.SqlQuery query) <0x417436e0 + 0x00123> in <filename unknown>:0
]]></stack-trace>
                        </failure>
                      </test-case>
                    </results>
                  </test-suite>
                </results>
              </test-suite>
              <test-suite type="TestFixture" name="SequenceManagerTests" executed="True" result="Failure" success="False" time="0.192" asserts="0">
                <results>
                  <test-case name="Deveel.Data.SequenceManagerTests.CreateNativeSequence" executed="True" result="Error" success="False" time="0.061" asserts="0">
                    <failure>
                      <message><![CDATA[SetUp : Deveel.Data.DatabaseSystemException : An error occurred while creating the database.
  ----> Deveel.Data.Sql.Parser.SqlParseException : Exception of type 'Deveel.Data.Sql.Parser.SqlParseException' was thrown.]]></message>
                      <stack-trace><![CDATA[at Deveel.Data.Database.Create (System.String adminName, System.String adminPassword) <0x416ed2c0 + 0x002d3> in <filename unknown>:0
--SqlParseException
at Deveel.Data.Sql.Statements.SqlStatement.Parse (IContext context, Deveel.Data.Sql.SqlQuery query) <0x417436e0 + 0x00123> in <filename unknown>:0
]]></stack-trace>
                    </failure>
                  </test-case>
                  <test-case name="Deveel.Data.SequenceManagerTests.CreateNormalSequence" executed="True" result="Error" success="False" time="0.063" asserts="0">
                    <failure>
                      <message><![CDATA[SetUp : Deveel.Data.DatabaseSystemException : An error occurred while creating the database.
  ----> Deveel.Data.Sql.Parser.SqlParseException : Exception of type 'Deveel.Data.Sql.Parser.SqlParseException' was thrown.]]></message>
                      <stack-trace><![CDATA[at Deveel.Data.Database.Create (System.String adminName, System.String adminPassword) <0x416ed2c0 + 0x002d3> in <filename unknown>:0
--SqlParseException
at Deveel.Data.Sql.Statements.SqlStatement.Parse (IContext context, Deveel.Data.Sql.SqlQuery query) <0x417436e0 + 0x00123> in <filename unknown>:0
]]></stack-trace>
                    </failure>
                  </test-case>
                  <test-case name="Deveel.Data.SequenceManagerTests.IncremementSequenceValue" executed="True" result="Error" success="False" time="0.062" asserts="0">
                    <failure>
                      <message><![CDATA[SetUp : Deveel.Data.DatabaseSystemException : An error occurred while creating the database.
  ----> Deveel.Data.Sql.Parser.SqlParseException : Exception of type 'Deveel.Data.Sql.Parser.SqlParseException' was thrown.]]></message>
                      <stack-trace><![CDATA[at Deveel.Data.Database.Create (System.String adminName, System.String adminPassword) <0x416ed2c0 + 0x002d3> in <filename unknown>:0
--SqlParseException
at Deveel.Data.Sql.Statements.SqlStatement.Parse (IContext context, Deveel.Data.Sql.SqlQuery query) <0x417436e0 + 0x00123> in <filename unknown>:0
]]></stack-trace>
                    </failure>
                  </test-case>
                </results>
              </test-suite>
              <test-suite type="Namespace" name="Serialization" executed="True" result="Success" success="True" time="0.017" asserts="0">
                <results>
                  <test-suite type="TestFixture" name="BinarySerializeTests" executed="True" result="Success" success="True" time="0.017" asserts="0">
                    <results>
                      <test-case name="Deveel.Data.Serialization.BinarySerializeTests.SerializeImplicit" executed="True" result="Success" success="True" time="0.013" asserts="4" />
                      <test-case name="Deveel.Data.Serialization.BinarySerializeTests.SerializeObjectNameWithNoParent" executed="True" result="Success" success="True" time="0.002" asserts="4" />
                      <test-case name="Deveel.Data.Serialization.BinarySerializeTests.SerializeWithNoParent" executed="True" result="Success" success="True" time="0.001" asserts="4" />
                    </results>
                  </test-suite>
                </results>
              </test-suite>
              <test-suite type="Namespace" name="Services" executed="True" result="Success" success="True" time="0.006" asserts="0">
                <results>
                  <test-suite type="TestFixture" name="ServiceContainerTests" executed="True" result="Success" success="True" time="0.005" asserts="0">
                    <results>
                      <test-case name="Deveel.Data.Services.ServiceContainerTests.RegisterAndResolveFromChild" executed="True" result="Success" success="True" time="0.001" asserts="5" />
                      <test-case name="Deveel.Data.Services.ServiceContainerTests.RegisterInstanceAndResolveAllFromChild" executed="True" result="Success" success="True" time="0.001" asserts="2" />
                      <test-case name="Deveel.Data.Services.ServiceContainerTests.RegisterInstanceAndResolveFromChild" executed="True" result="Success" success="True" time="0.001" asserts="3" />
                      <test-case name="Deveel.Data.Services.ServiceContainerTests.ResolveFromChildWithParentService" executed="True" result="Success" success="True" time="0.001" asserts="2" />
                    </results>
                  </test-suite>
                </results>
              </test-suite>
              <test-suite type="Namespace" name="Sql" executed="True" result="Failure" success="False" time="3.659" asserts="0">
                <results>
                  <test-suite type="Namespace" name="Compile" executed="True" result="Failure" success="False" time="0.256" asserts="0">
                    <results>
                      <test-suite type="TestFixture" name="AlterTableCompileTests" executed="True" result="Failure" success="False" time="0.041" asserts="0">
                        <results>
                          <test-case name="Deveel.Data.Sql.Compile.AlterTableCompileTests.AddColumn" executed="True" result="Failure" success="False" time="0.022" asserts="2">
                            <failure>
                              <message><![CDATA[  Expected: False
  But was:  True
]]></message>
                              <stack-trace><![CDATA[at Deveel.Data.Sql.Compile.AlterTableCompileTests.AddColumn () [0x00014] in /var/calculate/remote/distfiles/egit-src/deveeldb.git/src/deveeldb-nunit/Deveel.Data.Sql.Compile/AlterTableCompileTests.cs:18
]]></stack-trace>
                            </failure>
                          </test-case>
                          <test-case name="Deveel.Data.Sql.Compile.AlterTableCompileTests.AddColumnsAndUniqeContraints" executed="True" result="Failure" success="False" time="0.001" asserts="2">
                            <failure>
                              <message><![CDATA[  Expected: False
  But was:  True
]]></message>
                              <stack-trace><![CDATA[at Deveel.Data.Sql.Compile.AlterTableCompileTests.AddColumnsAndUniqeContraints () [0x00014] in /var/calculate/remote/distfiles/egit-src/deveeldb.git/src/deveeldb-nunit/Deveel.Data.Sql.Compile/AlterTableCompileTests.cs:56
]]></stack-trace>
                            </failure>
                          </test-case>
                          <test-case name="Deveel.Data.Sql.Compile.AlterTableCompileTests.AddMultipleColumns" executed="True" result="Failure" success="False" time="0.001" asserts="2">
                            <failure>
                              <message><![CDATA[  Expected: False
  But was:  True
]]></message>
                              <stack-trace><![CDATA[at Deveel.Data.Sql.Compile.AlterTableCompileTests.AddMultipleColumns () [0x00014] in /var/calculate/remote/distfiles/egit-src/deveeldb.git/src/deveeldb-nunit/Deveel.Data.Sql.Compile/AlterTableCompileTests.cs:45
]]></stack-trace>
                            </failure>
                          </test-case>
                          <test-case name="Deveel.Data.Sql.Compile.AlterTableCompileTests.AddPrimaryKeyContraint" executed="True" result="Failure" success="False" time="0.001" asserts="2">
                            <failure>
                              <message><![CDATA[  Expected: False
  But was:  True
]]></message>
                              <stack-trace><![CDATA[at Deveel.Data.Sql.Compile.AlterTableCompileTests.AddPrimaryKeyContraint () [0x00014] in /var/calculate/remote/distfiles/egit-src/deveeldb.git/src/deveeldb-nunit/Deveel.Data.Sql.Compile/AlterTableCompileTests.cs:82
]]></stack-trace>
                            </failure>
                          </test-case>
                          <test-case name="Deveel.Data.Sql.Compile.AlterTableCompileTests.DropColumn" executed="True" result="Failure" success="False" time="0.001" asserts="2">
                            <failure>
                              <message><![CDATA[  Expected: False
  But was:  True
]]></message>
                              <stack-trace><![CDATA[at Deveel.Data.Sql.Compile.AlterTableCompileTests.DropColumn () [0x00014] in /var/calculate/remote/distfiles/egit-src/deveeldb.git/src/deveeldb-nunit/Deveel.Data.Sql.Compile/AlterTableCompileTests.cs:103
]]></stack-trace>
                            </failure>
                          </test-case>
                        </results>
                      </test-suite>
                      <test-suite type="TestFixture" name="AssignVariableTests" executed="True" result="Failure" success="False" time="0.008" asserts="0">
                        <results>
                          <test-case name="Deveel.Data.Sql.Compile.AssignVariableTests.MarkedVariableToConstant" executed="True" result="Failure" success="False" time="0.003" asserts="2">
                            <failure>
                              <message><![CDATA[  Expected: False
  But was:  True
]]></message>
                              <stack-trace><![CDATA[at Deveel.Data.Sql.Compile.AssignVariableTests.MarkedVariableToConstant () [0x00014] in /var/calculate/remote/distfiles/egit-src/deveeldb.git/src/deveeldb-nunit/Deveel.Data.Sql.Compile/AssignVariableTests.cs:19
]]></stack-trace>
                            </failure>
                          </test-case>
                          <test-case name="Deveel.Data.Sql.Compile.AssignVariableTests.UnmarkedVariableToConstant" executed="True" result="Failure" success="False" time="0.001" asserts="2">
                            <failure>
                              <message><![CDATA[  Expected: False
  But was:  True
]]></message>
                              <stack-trace><![CDATA[at Deveel.Data.Sql.Compile.AssignVariableTests.UnmarkedVariableToConstant () [0x00014] in /var/calculate/remote/distfiles/egit-src/deveeldb.git/src/deveeldb-nunit/Deveel.Data.Sql.Compile/AssignVariableTests.cs:42
]]></stack-trace>
                            </failure>
                          </test-case>
                        </results>
                      </test-suite>
                      <test-suite type="TestFixture" name="CloseTests" executed="True" result="Failure" success="False" time="0.001" asserts="0">
                        <results>
                          <test-case name="Deveel.Data.Sql.Compile.CloseTests.CloseCursor" executed="True" result="Failure" success="False" time="0.001" asserts="2">
                            <failure>
                              <message><![CDATA[  Expected: False
  But was:  True
]]></message>
                              <stack-trace><![CDATA[at Deveel.Data.Sql.Compile.CloseTests.CloseCursor () [0x00014] in /var/calculate/remote/distfiles/egit-src/deveeldb.git/src/deveeldb-nunit/Deveel.Data.Sql.Compile/CloseTests.cs:18
]]></stack-trace>
                            </failure>
                          </test-case>
                        </results>
                      </test-suite>
                      <test-suite type="TestFixture" name="CreateTableTests" executed="True" result="Failure" success="False" time="0.024" asserts="0">
                        <results>
                          <test-case name="Deveel.Data.Sql.Compile.CreateTableTests.SimpleTable" executed="True" result="Failure" success="False" time="0.001" asserts="2">
                            <failure>
                              <message><![CDATA[  Expected: False
  But was:  True
]]></message>
                              <stack-trace><![CDATA[at Deveel.Data.Sql.Compile.CreateTableTests.SimpleTable () [0x00014] in /var/calculate/remote/distfiles/egit-src/deveeldb.git/src/deveeldb-nunit/Deveel.Data.Sql.Compile/CreateTableTests.cs:20
]]></stack-trace>
                            </failure>
                          </test-case>
                          <test-case name="Deveel.Data.Sql.Compile.CreateTableTests.WithColumnConstraints" executed="True" result="Failure" success="False" time="0.001" asserts="2">
                            <failure>
                              <message><![CDATA[  Expected: False
  But was:  True
]]></message>
                              <stack-trace><![CDATA[at Deveel.Data.Sql.Compile.CreateTableTests.WithColumnConstraints () [0x00014] in /var/calculate/remote/distfiles/egit-src/deveeldb.git/src/deveeldb-nunit/Deveel.Data.Sql.Compile/CreateTableTests.cs:160
]]></stack-trace>
                            </failure>
                          </test-case>
                          <test-case name="Deveel.Data.Sql.Compile.CreateTableTests.WithColumnDefault" executed="True" result="Failure" success="False" time="0.001" asserts="2">
                            <failure>
                              <message><![CDATA[  Expected: False
  But was:  True
]]></message>
                              <stack-trace><![CDATA[at Deveel.Data.Sql.Compile.CreateTableTests.WithColumnDefault () [0x00014] in /var/calculate/remote/distfiles/egit-src/deveeldb.git/src/deveeldb-nunit/Deveel.Data.Sql.Compile/CreateTableTests.cs:76
]]></stack-trace>
                            </failure>
                          </test-case>
                          <test-case name="Deveel.Data.Sql.Compile.CreateTableTests.WithColumnDefault_Advanced" executed="True" result="Failure" success="False" time="0.002" asserts="2">
                            <failure>
                              <message><![CDATA[  Expected: False
  But was:  True
]]></message>
                              <stack-trace><![CDATA[at Deveel.Data.Sql.Compile.CreateTableTests.WithColumnDefault_Advanced () [0x00014] in /var/calculate/remote/distfiles/egit-src/deveeldb.git/src/deveeldb-nunit/Deveel.Data.Sql.Compile/CreateTableTests.cs:102
]]></stack-trace>
                            </failure>
                          </test-case>
                          <test-case name="Deveel.Data.Sql.Compile.CreateTableTests.WithConstraints" executed="True" result="Failure" success="False" time="0.001" asserts="2">
                            <failure>
                              <message><![CDATA[  Expected: False
  But was:  True
]]></message>
                              <stack-trace><![CDATA[at Deveel.Data.Sql.Compile.CreateTableTests.WithConstraints () [0x00014] in /var/calculate/remote/distfiles/egit-src/deveeldb.git/src/deveeldb-nunit/Deveel.Data.Sql.Compile/CreateTableTests.cs:137
]]></stack-trace>
                            </failure>
                          </test-case>
                          <test-case name="Deveel.Data.Sql.Compile.CreateTableTests.WithIdentityColumn" executed="True" result="Failure" success="False" time="0.001" asserts="2">
                            <failure>
                              <message><![CDATA[  Expected: False
  But was:  True
]]></message>
                              <stack-trace><![CDATA[at Deveel.Data.Sql.Compile.CreateTableTests.WithIdentityColumn () [0x00014] in /var/calculate/remote/distfiles/egit-src/deveeldb.git/src/deveeldb-nunit/Deveel.Data.Sql.Compile/CreateTableTests.cs:49
]]></stack-trace>
                            </failure>
                          </test-case>
                        </results>
                      </test-suite>
                      <test-suite type="TestFixture" name="CreateUserTests" executed="True" result="Failure" success="False" time="0.001" asserts="0">
                        <results>
                          <test-case name="Deveel.Data.Sql.Compile.CreateUserTests.IdentifiedByPassword" executed="True" result="Failure" success="False" time="0.001" asserts="2">
                            <failure>
                              <message><![CDATA[  Expected: False
  But was:  True
]]></message>
                              <stack-trace><![CDATA[at Deveel.Data.Sql.Compile.CreateUserTests.IdentifiedByPassword () [0x00014] in /var/calculate/remote/distfiles/egit-src/deveeldb.git/src/deveeldb-nunit/Deveel.Data.Sql.Compile/CreateUserTests.cs:19
]]></stack-trace>
                            </failure>
                          </test-case>
                        </results>
                      </test-suite>
                      <test-suite type="TestFixture" name="CreateViewTests" executed="True" result="Failure" success="False" time="0.009" asserts="0">
                        <results>
                          <test-case name="Deveel.Data.Sql.Compile.CreateViewTests.OrReplace" executed="True" result="Failure" success="False" time="0.001" asserts="2">
                            <failure>
                              <message><![CDATA[  Expected: False
  But was:  True
]]></message>
                              <stack-trace><![CDATA[at Deveel.Data.Sql.Compile.CreateViewTests.OrReplace () [0x00014] in /var/calculate/remote/distfiles/egit-src/deveeldb.git/src/deveeldb-nunit/Deveel.Data.Sql.Compile/CreateViewTests.cs:57
]]></stack-trace>
                            </failure>
                          </test-case>
                          <test-case name="Deveel.Data.Sql.Compile.CreateViewTests.WithColumns" executed="True" result="Failure" success="False" time="0.001" asserts="2">
                            <failure>
                              <message><![CDATA[  Expected: False
  But was:  True
]]></message>
                              <stack-trace><![CDATA[at Deveel.Data.Sql.Compile.CreateViewTests.WithColumns () [0x00014] in /var/calculate/remote/distfiles/egit-src/deveeldb.git/src/deveeldb-nunit/Deveel.Data.Sql.Compile/CreateViewTests.cs:17
]]></stack-trace>
                            </failure>
                          </test-case>
                          <test-case name="Deveel.Data.Sql.Compile.CreateViewTests.WithoutColumns" executed="True" result="Failure" success="False" time="0.001" asserts="2">
                            <failure>
                              <message><![CDATA[  Expected: False
  But was:  True
]]></message>
                              <stack-trace><![CDATA[at Deveel.Data.Sql.Compile.CreateViewTests.WithoutColumns () [0x00014] in /var/calculate/remote/distfiles/egit-src/deveeldb.git/src/deveeldb-nunit/Deveel.Data.Sql.Compile/CreateViewTests.cs:37
]]></stack-trace>
                            </failure>
                          </test-case>
                        </results>
                      </test-suite>
                      <test-suite type="TestFixture" name="DeclareCursorTests" executed="True" result="Failure" success="False" time="0.011" asserts="0">
                        <results>
                          <test-case name="Deveel.Data.Sql.Compile.DeclareCursorTests.DeclareCursorWithArguments" executed="True" result="Failure" success="False" time="0.001" asserts="2">
                            <failure>
                              <message><![CDATA[  Expected: False
  But was:  True
]]></message>
                              <stack-trace><![CDATA[at Deveel.Data.Sql.Compile.DeclareCursorTests.DeclareCursorWithArguments () [0x00014] in /var/calculate/remote/distfiles/egit-src/deveeldb.git/src/deveeldb-nunit/Deveel.Data.Sql.Compile/DeclareCursorTests.cs:17
]]></stack-trace>
                            </failure>
                          </test-case>
                          <test-case name="Deveel.Data.Sql.Compile.DeclareCursorTests.DeclareCursorWithoutArguments" executed="True" result="Failure" success="False" time="0.001" asserts="2">
                            <failure>
                              <message><![CDATA[  Expected: False
  But was:  True
]]></message>
                              <stack-trace><![CDATA[at Deveel.Data.Sql.Compile.DeclareCursorTests.DeclareCursorWithoutArguments () [0x00014] in /var/calculate/remote/distfiles/egit-src/deveeldb.git/src/deveeldb-nunit/Deveel.Data.Sql.Compile/DeclareCursorTests.cs:65
]]></stack-trace>
                            </failure>
                          </test-case>
                          <test-case name="Deveel.Data.Sql.Compile.DeclareCursorTests.ImplicitDeclareCursor" executed="True" result="Failure" success="False" time="0.001" asserts="2">
                            <failure>
                              <message><![CDATA[  Expected: False
  But was:  True
]]></message>
                              <stack-trace><![CDATA[at Deveel.Data.Sql.Compile.DeclareCursorTests.ImplicitDeclareCursor () [0x00014] in /var/calculate/remote/distfiles/egit-src/deveeldb.git/src/deveeldb-nunit/Deveel.Data.Sql.Compile/DeclareCursorTests.cs:41
]]></stack-trace>
                            </failure>
                          </test-case>
                        </results>
                      </test-suite>
                      <test-suite type="TestFixture" name="DeclareVariableTests" executed="True" result="Failure" success="False" time="0.010" asserts="0">
                        <results>
                          <test-case name="Deveel.Data.Sql.Compile.DeclareVariableTests.DeclareConstantVariable" executed="True" result="Failure" success="False" time="0.001" asserts="2">
                            <failure>
                              <message><![CDATA[  Expected: False
  But was:  True
]]></message>
                              <stack-trace><![CDATA[at Deveel.Data.Sql.Compile.DeclareVariableTests.DeclareConstantVariable () [0x00014] in /var/calculate/remote/distfiles/egit-src/deveeldb.git/src/deveeldb-nunit/Deveel.Data.Sql.Compile/DeclareVariableTests.cs:36
]]></stack-trace>
                            </failure>
                          </test-case>
                          <test-case name="Deveel.Data.Sql.Compile.DeclareVariableTests.DeclareSimpleVariable" executed="True" result="Failure" success="False" time="0.001" asserts="2">
                            <failure>
                              <message><![CDATA[  Expected: False
  But was:  True
]]></message>
                              <stack-trace><![CDATA[at Deveel.Data.Sql.Compile.DeclareVariableTests.DeclareSimpleVariable () [0x00014] in /var/calculate/remote/distfiles/egit-src/deveeldb.git/src/deveeldb-nunit/Deveel.Data.Sql.Compile/DeclareVariableTests.cs:18
]]></stack-trace>
                            </failure>
                          </test-case>
                          <test-case name="Deveel.Data.Sql.Compile.DeclareVariableTests.ImplicitDeclaration" executed="True" result="Failure" success="False" time="0.001" asserts="2">
                            <failure>
                              <message><![CDATA[  Expected: False
  But was:  True
]]></message>
                              <stack-trace><![CDATA[at Deveel.Data.Sql.Compile.DeclareVariableTests.ImplicitDeclaration () [0x00014] in /var/calculate/remote/distfiles/egit-src/deveeldb.git/src/deveeldb-nunit/Deveel.Data.Sql.Compile/DeclareVariableTests.cs:54
]]></stack-trace>
                            </failure>
                          </test-case>
                        </results>
                      </test-suite>
                      <test-suite type="TestFixture" name="DeleteTests" executed="True" result="Failure" success="False" time="0.005" asserts="0">
                        <results>
                          <test-case name="Deveel.Data.Sql.Compile.DeleteTests.CurrentFromCursor" executed="True" result="Failure" success="False" time="0.001" asserts="2">
                            <failure>
                              <message><![CDATA[  Expected: False
  But was:  True
]]></message>
                              <stack-trace><![CDATA[at Deveel.Data.Sql.Compile.DeleteTests.CurrentFromCursor () [0x00014] in /var/calculate/remote/distfiles/egit-src/deveeldb.git/src/deveeldb-nunit/Deveel.Data.Sql.Compile/DeleteTests.cs:42
]]></stack-trace>
                            </failure>
                          </test-case>
                          <test-case name="Deveel.Data.Sql.Compile.DeleteTests.FromTable" executed="True" result="Failure" success="False" time="0.001" asserts="2">
                            <failure>
                              <message><![CDATA[  Expected: False
  But was:  True
]]></message>
                              <stack-trace><![CDATA[at Deveel.Data.Sql.Compile.DeleteTests.FromTable () [0x00014] in /var/calculate/remote/distfiles/egit-src/deveeldb.git/src/deveeldb-nunit/Deveel.Data.Sql.Compile/DeleteTests.cs:18
]]></stack-trace>
                            </failure>
                          </test-case>
                        </results>
                      </test-suite>
                      <test-suite type="TestFixture" name="DropTriggerTests" executed="True" result="Failure" success="False" time="0.006" asserts="0">
                        <results>
                          <test-case name="Deveel.Data.Sql.Compile.DropTriggerTests.DropCallbackTrigger" executed="True" result="Failure" success="False" time="0.001" asserts="2">
                            <failure>
                              <message><![CDATA[  Expected: False
  But was:  True
]]></message>
                              <stack-trace><![CDATA[at Deveel.Data.Sql.Compile.DropTriggerTests.DropCallbackTrigger () [0x00014] in /var/calculate/remote/distfiles/egit-src/deveeldb.git/src/deveeldb-nunit/Deveel.Data.Sql.Compile/DropTriggerTests.cs:40
]]></stack-trace>
                            </failure>
                          </test-case>
                          <test-case name="Deveel.Data.Sql.Compile.DropTriggerTests.DropProcedureTrigger" executed="True" result="Failure" success="False" time="0.001" asserts="2">
                            <failure>
                              <message><![CDATA[  Expected: False
  But was:  True
]]></message>
                              <stack-trace><![CDATA[at Deveel.Data.Sql.Compile.DropTriggerTests.DropProcedureTrigger () [0x00014] in /var/calculate/remote/distfiles/egit-src/deveeldb.git/src/deveeldb-nunit/Deveel.Data.Sql.Compile/DropTriggerTests.cs:18
]]></stack-trace>
                            </failure>
                          </test-case>
                        </results>
                      </test-suite>
                      <test-suite type="TestFixture" name="DropTypeTests" executed="True" result="Failure" success="False" time="0.001" asserts="0">
                        <results>
                          <test-case name="Deveel.Data.Sql.Compile.DropTypeTests.DropType" executed="True" result="Failure" success="False" time="0.001" asserts="2">
                            <failure>
                              <message><![CDATA[  Expected: False
  But was:  True
]]></message>
                              <stack-trace><![CDATA[at Deveel.Data.Sql.Compile.DropTypeTests.DropType () [0x00014] in /var/calculate/remote/distfiles/egit-src/deveeldb.git/src/deveeldb-nunit/Deveel.Data.Sql.Compile/DropTypeTests.cs:18
]]></stack-trace>
                            </failure>
                          </test-case>
                        </results>
                      </test-suite>
                      <test-suite type="TestFixture" name="DropUserTests" executed="True" result="Failure" success="False" time="0.005" asserts="0">
                        <results>
                          <test-case name="Deveel.Data.Sql.Compile.DropUserTests.DropMultipleUsers" executed="True" result="Failure" success="False" time="0.001" asserts="2">
                            <failure>
                              <message><![CDATA[  Expected: False
  But was:  True
]]></message>
                              <stack-trace><![CDATA[at Deveel.Data.Sql.Compile.DropUserTests.DropMultipleUsers () [0x00014] in /var/calculate/remote/distfiles/egit-src/deveeldb.git/src/deveeldb-nunit/Deveel.Data.Sql.Compile/DropUserTests.cs:39
]]></stack-trace>
                            </failure>
                          </test-case>
                          <test-case name="Deveel.Data.Sql.Compile.DropUserTests.DropSingleUser" executed="True" result="Failure" success="False" time="0.001" asserts="2">
                            <failure>
                              <message><![CDATA[  Expected: False
  But was:  True
]]></message>
                              <stack-trace><![CDATA[at Deveel.Data.Sql.Compile.DropUserTests.DropSingleUser () [0x00014] in /var/calculate/remote/distfiles/egit-src/deveeldb.git/src/deveeldb-nunit/Deveel.Data.Sql.Compile/DropUserTests.cs:18
]]></stack-trace>
                            </failure>
                          </test-case>
                        </results>
                      </test-suite>
                      <test-suite type="TestFixture" name="FetchTests" executed="True" result="Failure" success="False" time="0.005" asserts="0">
                        <results>
                          <test-case name="Deveel.Data.Sql.Compile.FetchTests.FetchNextFromCursorInto" executed="True" result="Failure" success="False" time="0.001" asserts="2">
                            <failure>
                              <message><![CDATA[  Expected: False
  But was:  True
]]></message>
                              <stack-trace><![CDATA[at Deveel.Data.Sql.Compile.FetchTests.FetchNextFromCursorInto () [0x00014] in /var/calculate/remote/distfiles/egit-src/deveeldb.git/src/deveeldb-nunit/Deveel.Data.Sql.Compile/FetchTests.cs:18
]]></stack-trace>
                            </failure>
                          </test-case>
                          <test-case name="Deveel.Data.Sql.Compile.FetchTests.FetchNextImplicitCursor" executed="True" result="Failure" success="False" time="0.001" asserts="2">
                            <failure>
                              <message><![CDATA[  Expected: False
  But was:  True
]]></message>
                              <stack-trace><![CDATA[at Deveel.Data.Sql.Compile.FetchTests.FetchNextImplicitCursor () [0x00014] in /var/calculate/remote/distfiles/egit-src/deveeldb.git/src/deveeldb-nunit/Deveel.Data.Sql.Compile/FetchTests.cs:39
]]></stack-trace>
                            </failure>
                          </test-case>
                        </results>
                      </test-suite>
                      <test-suite type="TestFixture" name="GrantTests" executed="True" result="Failure" success="False" time="0.011" asserts="0">
                        <results>
                          <test-case name="Deveel.Data.Sql.Compile.GrantTests.ParseGrantRolesToOneUser" executed="True" result="Failure" success="False" time="0.007" asserts="2">
                            <failure>
                              <message><![CDATA[  Expected: False
  But was:  True
]]></message>
                              <stack-trace><![CDATA[at Deveel.Data.Sql.Compile.GrantTests.ParseGrantRolesToOneUser () [0x00014] in /var/calculate/remote/distfiles/egit-src/deveeldb.git/src/deveeldb-nunit/Deveel.Data.Sql.Compile/GrantTests.cs:45
]]></stack-trace>
                            </failure>
                          </test-case>
                          <test-case name="Deveel.Data.Sql.Compile.GrantTests.ParseGrantToOneUserToOneTable" executed="True" result="Failure" success="False" time="0.001" asserts="2">
                            <failure>
                              <message><![CDATA[  Expected: False
  But was:  True
]]></message>
                              <stack-trace><![CDATA[at Deveel.Data.Sql.Compile.GrantTests.ParseGrantToOneUserToOneTable () [0x00014] in /var/calculate/remote/distfiles/egit-src/deveeldb.git/src/deveeldb-nunit/Deveel.Data.Sql.Compile/GrantTests.cs:19
]]></stack-trace>
                            </failure>
                          </test-case>
                        </results>
                      </test-suite>
                      <test-suite type="TestFixture" name="InsertIntoTests" executed="True" result="Failure" success="False" time="0.021" asserts="0">
                        <results>
                          <test-case name="Deveel.Data.Sql.Compile.InsertIntoTests.InsertSelect" executed="True" result="Failure" success="False" time="0.001" asserts="2">
                            <failure>
                              <message><![CDATA[  Expected: False
  But was:  True
]]></message>
                              <stack-trace><![CDATA[at Deveel.Data.Sql.Compile.InsertIntoTests.InsertSelect () [0x00014] in /var/calculate/remote/distfiles/egit-src/deveeldb.git/src/deveeldb-nunit/Deveel.Data.Sql.Compile/InsertIntoTests.cs:83
]]></stack-trace>
                            </failure>
                          </test-case>
                          <test-case name="Deveel.Data.Sql.Compile.InsertIntoTests.SchemaCompileTests.CreateSchema" executed="True" result="Failure" success="False" time="0.001" asserts="2">
                            <failure>
                              <message><![CDATA[  Expected: False
  But was:  True
]]></message>
                              <stack-trace><![CDATA[at Deveel.Data.Sql.Compile.SchemaCompileTests.CreateSchema () [0x00014] in /var/calculate/remote/distfiles/egit-src/deveeldb.git/src/deveeldb-nunit/Deveel.Data.Sql.Compile/SchemaCompileTests.cs:18
]]></stack-trace>
                            </failure>
                          </test-case>
                          <test-case name="Deveel.Data.Sql.Compile.InsertIntoTests.SchemaCompileTests.DropSchema" executed="True" result="Failure" success="False" time="0.001" asserts="2">
                            <failure>
                              <message><![CDATA[  Expected: False
  But was:  True
]]></message>
                              <stack-trace><![CDATA[at Deveel.Data.Sql.Compile.SchemaCompileTests.DropSchema () [0x00014] in /var/calculate/remote/distfiles/egit-src/deveeldb.git/src/deveeldb-nunit/Deveel.Data.Sql.Compile/SchemaCompileTests.cs:39
]]></stack-trace>
                            </failure>
                          </test-case>
                          <test-case name="Deveel.Data.Sql.Compile.InsertIntoTests.SetInsert" executed="True" result="Failure" success="False" time="0.001" asserts="2">
                            <failure>
                              <message><![CDATA[  Expected: False
  But was:  True
]]></message>
                              <stack-trace><![CDATA[at Deveel.Data.Sql.Compile.InsertIntoTests.SetInsert () [0x00014] in /var/calculate/remote/distfiles/egit-src/deveeldb.git/src/deveeldb-nunit/Deveel.Data.Sql.Compile/InsertIntoTests.cs:63
]]></stack-trace>
                            </failure>
                          </test-case>
                          <test-case name="Deveel.Data.Sql.Compile.InsertIntoTests.ValueInsert_MultipleRows" executed="True" result="Failure" success="False" time="0.001" asserts="2">
                            <failure>
                              <message><![CDATA[  Expected: False
  But was:  True
]]></message>
                              <stack-trace><![CDATA[at Deveel.Data.Sql.Compile.InsertIntoTests.ValueInsert_MultipleRows () [0x00014] in /var/calculate/remote/distfiles/egit-src/deveeldb.git/src/deveeldb-nunit/Deveel.Data.Sql.Compile/InsertIntoTests.cs:42
]]></stack-trace>
                            </failure>
                          </test-case>
                          <test-case name="Deveel.Data.Sql.Compile.InsertIntoTests.ValuesInsert_OneRow" executed="True" result="Failure" success="False" time="0.001" asserts="2">
                            <failure>
                              <message><![CDATA[  Expected: False
  But was:  True
]]></message>
                              <stack-trace><![CDATA[at Deveel.Data.Sql.Compile.InsertIntoTests.ValuesInsert_OneRow () [0x00014] in /var/calculate/remote/distfiles/egit-src/deveeldb.git/src/deveeldb-nunit/Deveel.Data.Sql.Compile/InsertIntoTests.cs:20
]]></stack-trace>
                            </failure>
                          </test-case>
                        </results>
                      </test-suite>
                      <test-suite type="TestFixture" name="OpenTests" executed="True" result="Failure" success="False" time="0.005" asserts="0">
                        <results>
                          <test-case name="Deveel.Data.Sql.Compile.OpenTests.OpenCursorSimple" executed="True" result="Failure" success="False" time="0.001" asserts="2">
                            <failure>
                              <message><![CDATA[  Expected: False
  But was:  True
]]></message>
                              <stack-trace><![CDATA[at Deveel.Data.Sql.Compile.OpenTests.OpenCursorSimple () [0x00014] in /var/calculate/remote/distfiles/egit-src/deveeldb.git/src/deveeldb-nunit/Deveel.Data.Sql.Compile/OpenTests.cs:40
]]></stack-trace>
                            </failure>
                          </test-case>
                          <test-case name="Deveel.Data.Sql.Compile.OpenTests.OpenCursorWithArguments" executed="True" result="Failure" success="False" time="0.001" asserts="2">
                            <failure>
                              <message><![CDATA[  Expected: False
  But was:  True
]]></message>
                              <stack-trace><![CDATA[at Deveel.Data.Sql.Compile.OpenTests.OpenCursorWithArguments () [0x00014] in /var/calculate/remote/distfiles/egit-src/deveeldb.git/src/deveeldb-nunit/Deveel.Data.Sql.Compile/OpenTests.cs:18
]]></stack-trace>
                            </failure>
                          </test-case>
                        </results>
                      </test-suite>
                      <test-suite type="TestFixture" name="SchemaCompileTests" executed="True" result="Failure" success="False" time="0.004" asserts="0">
                        <results>
                          <test-case name="Deveel.Data.Sql.Compile.SchemaCompileTests.CreateSchema" executed="True" result="Failure" success="False" time="0.001" asserts="2">
                            <failure>
                              <message><![CDATA[  Expected: False
  But was:  True
]]></message>
                              <stack-trace><![CDATA[at Deveel.Data.Sql.Compile.SchemaCompileTests.CreateSchema () [0x00014] in /var/calculate/remote/distfiles/egit-src/deveeldb.git/src/deveeldb-nunit/Deveel.Data.Sql.Compile/SchemaCompileTests.cs:18
]]></stack-trace>
                            </failure>
                          </test-case>
                          <test-case name="Deveel.Data.Sql.Compile.SchemaCompileTests.DropSchema" executed="True" result="Failure" success="False" time="0.001" asserts="2">
                            <failure>
                              <message><![CDATA[  Expected: False
  But was:  True
]]></message>
                              <stack-trace><![CDATA[at Deveel.Data.Sql.Compile.SchemaCompileTests.DropSchema () [0x00014] in /var/calculate/remote/distfiles/egit-src/deveeldb.git/src/deveeldb-nunit/Deveel.Data.Sql.Compile/SchemaCompileTests.cs:39
]]></stack-trace>
                            </failure>
                          </test-case>
                        </results>
                      </test-suite>
                      <test-suite type="TestFixture" name="SqlCompileTestBase" executed="True" result="Inconclusive" success="False" time="0.000" asserts="0" />
                      <test-suite type="TestFixture" name="TransactionEndTests" executed="True" result="Failure" success="False" time="0.005" asserts="0">
                        <results>
                          <test-case name="Deveel.Data.Sql.Compile.TransactionEndTests.Commit" executed="True" result="Failure" success="False" time="0.001" asserts="2">
                            <failure>
[...]
                          <message><![CDATA[SetUp : Deveel.Data.DatabaseSystemException : An error occurred while creating the database.
  ----> Deveel.Data.Sql.Parser.SqlParseException : Exception of type 'Deveel.Data.Sql.Parser.SqlParseException' was thrown.]]></message>
                          <stack-trace><![CDATA[at Deveel.Data.Database.Create (System.String adminName, System.String adminPassword) <0x416ed2c0 + 0x002d3> in <filename unknown>:0
--SqlParseException
at Deveel.Data.Sql.Statements.SqlStatement.Parse (IContext context, Deveel.Data.Sql.SqlQuery query) <0x417436e0 + 0x00123> in <filename unknown>:0
]]></stack-trace>
                        </failure>
                      </test-case>
                    </results>
                  </test-suite>
                </results>
              </test-suite>
              <test-suite type="Namespace" name="Store" executed="True" result="Failure" success="False" time="0.108" asserts="0">
                <results>
                  <test-suite type="Namespace" name="Journaled" executed="True" result="Inconclusive" success="False" time="0.001" asserts="0">
                    <results>
                      <test-suite type="TestFixture" name="JournaledFileStoreTests" executed="True" result="Inconclusive" success="False" time="0.000" asserts="0" />
                    </results>
                  </test-suite>
                  <test-suite type="TestFixture" name="SingleFileStoreTests" executed="True" result="Failure" success="False" time="0.107" asserts="0">
                    <results>
                      <test-case name="Deveel.Data.Store.SingleFileStoreTests.CreateNewDatabase" executed="True" result="Error" success="False" time="0.104" asserts="0">
                        <failure>
                          <message><![CDATA[Deveel.Data.Configuration.DatabaseConfigurationException : Could not initialize the storage system
  ----> System.IO.IOException : Encryption failed]]></message>
                          <stack-trace><![CDATA[at Deveel.Data.DatabaseContext.InitStorageSystem () <0x416ea280 + 0x00153> in <filename unknown>:0
at Deveel.Data.DatabaseContext..ctor (ISystemContext systemContext, IConfiguration configuration) <0x416e97e0 + 0x00103> in <filename unknown>:0
at Deveel.Data.SystemContext.CreateDatabaseContext (IConfiguration configuration) <0x416e9790 + 0x00033> in <filename unknown>:0
at Deveel.Data.SystemContext.Deveel.Data.ISystemContext.CreateDatabaseContext (IConfiguration configuration) <0x416d8f70 + 0x0002b> in <filename unknown>:0
at Deveel.Data.DatabaseSystem.CreateDatabase (IConfiguration configuration, System.String adminUser, System.String adminPassword) <0x416d89c0 + 0x0017a> in <filename unknown>:0
at Deveel.Data.Store.SingleFileStoreTests.CreateNewDatabase () [0x00019] in /var/calculate/remote/distfiles/egit-src/deveeldb.git/src/deveeldb-nunit/Deveel.Data.Store/SingleFileStoreTests.cs:79
--IOException
at System.IO.FileStream..ctor (System.String path, FileMode mode, FileAccess access, FileShare share, Int32 bufferSize, Boolean anonymous, FileOptions options) [0x00335] in /var/tmp/portage/dev-lang/mono-4.2.2.10-r1/work/mono-4.2.2/mcs/class/corlib/System.IO/FileStream.cs:290
at System.IO.FileStream..ctor (System.String path, FileMode mode, FileAccess access, FileShare share, Int32 bufferSize, FileOptions options) [0x00000] in /var/tmp/portage/dev-lang/mono-4.2.2.10-r1/work/mono-4.2.2/mcs/class/corlib/System.IO/FileStream.cs:112
at (wrapper remoting-invoke-with-check) System.IO.FileStream:.ctor (string,System.IO.FileMode,System.IO.FileAccess,System.IO.FileShare,int,System.IO.FileOptions)
at Deveel.Data.Store.LocalFile..ctor (System.String fileName, Boolean readOnly) <0x40b71030 + 0x000bb> in <filename unknown>:0
at Deveel.Data.Store.LocalFileSystem.CreateFile (System.String fileName) <0x40b70f00 + 0x0007f> in <filename unknown>:0
at Deveel.Data.Store.LocalFileSystem.Deveel.Data.Store.IFileSystem.CreateFile (System.String path) <0x40b70ed0 + 0x00013> in <filename unknown>:0
at Deveel.Data.Store.SingleFileStoreSystem.OpenOrCreateFile () <0x40b70ca0 + 0x000aa> in <filename unknown>:0
at Deveel.Data.Store.SingleFileStoreSystem..ctor (IDatabaseContext context, IConfiguration configuration) <0x40b706e0 + 0x000b7> in <filename unknown>:0
at (wrapper dynamic-method) System.Object:lambda_method (System.Runtime.CompilerServices.Closure)
at DryIoc.Scope.TryGetOrAdd (Int32 id, DryIoc.CreateScopedValue createValue) <0x416eaae0 + 0x00118> in <filename unknown>:0
at DryIoc.Scope.GetOrAdd (Int32 id, DryIoc.CreateScopedValue createValue) <0x416e6e60 + 0x0004b> in <filename unknown>:0
at (wrapper dynamic-method) System.Object:lambda_method (System.Runtime.CompilerServices.Closure,object[],DryIoc.IResolverContext,DryIoc.IScope)
at DryIoc.Container.DryIoc.IResolver.Resolve (System.Type serviceType, System.Object serviceKey, Boolean ifUnresolvedReturnDefault, System.Type requiredServiceType, DryIoc.RequestInfo preResolveParent, IScope scope) <0x416a3e10 + 0x003d8> in <filename unknown>:0
at DryIoc.Resolver.Resolve (IResolver resolver, System.Type serviceType, System.Object serviceKey, IfUnresolved ifUnresolved, System.Type requiredServiceType) <0x416b4ac0 + 0x0009e> in <filename unknown>:0
at Deveel.Data.Services.ServiceContainer.Resolve (System.Type serviceType, System.Object name) <0x416b4990 + 0x00077> in <filename unknown>:0
at Deveel.Data.Services.ScopeExtensions.Resolve[TService] (IScope scope, System.Object serviceKey) <0x416b48f0 + 0x0003a> in <filename unknown>:0
at Deveel.Data.ContextExtensions.ResolveService[TService] (IContext context, System.Object serviceKey) <0x416ea420 + 0x0004b> in <filename unknown>:0
at Deveel.Data.DatabaseContext.InitStorageSystem () <0x416ea280 + 0x0004f> in <filename unknown>:0
]]></stack-trace>
                        </failure>
                      </test-case>
                    </results>
                  </test-suite>
                </results>
              </test-suite>
              <test-suite type="TestFixture" name="StringObjectTests" executed="True" result="Success" success="True" time="0.006" asserts="0">
                <categories>
                  <category name="Data Objects" />
                  <category name="Strings" />
                </categories>
                <results>
                  <test-case name="Deveel.Data.StringObjectTests.BasicVarChar_Add" executed="True" result="Success" success="True" time="0.001" asserts="6" />
                  <test-case name="Deveel.Data.StringObjectTests.BasicVarChar_Compare" executed="True" result="Success" success="True" time="0.000" asserts="4" />
                  <test-case name="Deveel.Data.StringObjectTests.BasicVarChar_Convert_ToBoolean_Success" executed="True" result="Success" success="True" time="0.001" asserts="8">
                    <categories>
                      <category name="Booleans" />
                    </categories>
                  </test-case>
                  <test-case name="Deveel.Data.StringObjectTests.BasicVarChar_Convert_ToInteger_Fail" executed="True" result="Success" success="True" time="0.001" asserts="7">
                    <categories>
                      <category name="Numbers" />
                    </categories>
                  </test-case>
                  <test-case name="Deveel.Data.StringObjectTests.BasicVarChar_Convert_ToInteger_Success" executed="True" result="Success" success="True" time="0.000" asserts="8" />
                  <test-case name="Deveel.Data.StringObjectTests.BasicVarChar_Create" executed="True" result="Success" success="True" time="0.000" asserts="5" />
                </results>
              </test-suite>
              <test-suite type="TestFixture" name="SystemTests" executed="True" result="Success" success="True" time="0.010" asserts="0">
                <results>
                  <test-case name="Deveel.Data.SystemTests.FromDefaultConfig" executed="True" result="Success" success="True" time="0.001" asserts="5" />
                  <test-case name="Deveel.Data.SystemTests.ResolveInstanceOfServiceByInterface" executed="True" result="Success" success="True" time="0.003" asserts="8" />
                  <test-case name="Deveel.Data.SystemTests.ResolveManyServicesForInterface" executed="True" result="Success" success="True" time="0.002" asserts="8" />
                  <test-case name="Deveel.Data.SystemTests.ResolveSingleServiceFromRegister" executed="True" result="Success" success="True" time="0.002" asserts="6" />
                </results>
              </test-suite>
              <test-suite type="Namespace" name="Types" executed="True" result="Failure" success="False" time="0.108" asserts="0">
                <results>
                  <test-suite type="TestFixture" name="BooleanTypeTest" executed="True" result="Success" success="True" time="0.002" asserts="0">
                    <categories>
                      <category name="Booleans" />
                      <category name="Data Types" />
                    </categories>
                    <results>
                      <test-case name="Deveel.Data.Types.BooleanTypeTest.Compare_Booleans" executed="True" result="Success" success="True" time="0.001" asserts="5">
                        <categories>
                          <category name="Comparison" />
                        </categories>
                      </test-case>
                      <test-case name="Deveel.Data.Types.BooleanTypeTest.Compare_BooleanToNumeric" executed="True" result="Success" success="True" time="0.000" asserts="3">
                        <categories>
                          <category name="Numbers" />
                          <category name="Comparison" />
                        </categories>
                      </test-case>
                      <test-case name="Deveel.Data.Types.BooleanTypeTest.Compare_BooleanToNumeric_Invalid" executed="True" result="Success" success="True" time="0.000" asserts="3">
                        <categories>
                          <category name="Numbers" />
                          <category name="Comparison" />
                        </categories>
                      </test-case>
                    </results>
                  </test-suite>
                  <test-suite type="TestFixture" name="DataTypeParseTests" executed="True" result="Failure" success="False" time="0.080" asserts="0">
                    <results>
                      <test-case name="Deveel.Data.Types.DataTypeParseTests.SimpleNumeric" executed="True" result="Error" success="False" time="0.079" asserts="0">
                        <failure>
                          <message><![CDATA[SetUp : Deveel.Data.DatabaseSystemException : An error occurred while creating the database.
  ----> Deveel.Data.Sql.Parser.SqlParseException : Exception of type 'Deveel.Data.Sql.Parser.SqlParseException' was thrown.]]></message>
                          <stack-trace><![CDATA[at Deveel.Data.Database.Create (System.String adminName, System.String adminPassword) <0x416ed2c0 + 0x002d3> in <filename unknown>:0
--SqlParseException
at Deveel.Data.Sql.Statements.SqlStatement.Parse (IContext context, Deveel.Data.Sql.SqlQuery query) <0x417436e0 + 0x00123> in <filename unknown>:0
]]></stack-trace>
                        </failure>
                      </test-case>
                    </results>
                  </test-suite>
                  <test-suite type="TestFixture" name="StringTypeTests" executed="True" result="Failure" success="False" time="0.021" asserts="0">
                    <categories>
                      <category name="Data Types" />
                    </categories>
                    <results>
                      <test-case name="Deveel.Data.Types.StringTypeTests.BasicVarChar_Compare" executed="True" result="Success" success="True" time="0.000" asserts="3" />
                      <test-case name="Deveel.Data.Types.StringTypeTests.BasicVarChar_Create" executed="True" result="Success" success="True" time="0.000" asserts="5" />
                      <test-case name="Deveel.Data.Types.StringTypeTests.BasicVarChar_Parse" executed="True" result="Failure" success="False" time="0.002" asserts="1">
                        <failure>
                          <message><![CDATA[  Expected: No Exception to be thrown
  But was:   (Unable to parse the given string to a valid data type.)
  at Deveel.Data.Types.SqlType.Parse (IContext context, System.String s) <0x40b75700 + 0x001e7> in <filename unknown>:0 
  at Deveel.Data.Types.SqlType.Parse (System.String s) <0x40b756d0 + 0x00013> in <filename unknown>:0 
  at Deveel.Data.Types.StringTypeTests+<BasicVarChar_Parse>c__AnonStorey0.<>m__0 () [0x00000] in /var/calculate/remote/distfiles/egit-src/deveeldb.git/src/deveeldb-nunit/Deveel.Data.Types/StringTypeTests.cs:50 
  at NUnit.Framework.Constraints.VoidInvocationDescriptor.Invoke () <0x4168b3f0 + 0x00019> in <filename unknown>:0 
  at NUnit.Framework.Constraints.ExceptionInterceptor.Intercept (System.Object invocation) <0x4168ac70 + 0x00148> in <filename unknown>:0 
]]></message>
                          <stack-trace><![CDATA[at Deveel.Data.Types.StringTypeTests.BasicVarChar_Parse () [0x0000e] in /var/calculate/remote/distfiles/egit-src/deveeldb.git/src/deveeldb-nunit/Deveel.Data.Types/StringTypeTests.cs:50
]]></stack-trace>
                        </failure>
                      </test-case>
                      <test-case name="Deveel.Data.Types.StringTypeTests.LocalizedVarChar_Parse" executed="True" result="Failure" success="False" time="0.001" asserts="1">
                        <failure>
                          <message><![CDATA[  Expected: No Exception to be thrown
  But was:   (Unable to parse the given string to a valid data type.)
  at Deveel.Data.Types.SqlType.Parse (IContext context, System.String s) <0x40b75700 + 0x001e7> in <filename unknown>:0 
  at Deveel.Data.Types.SqlType.Parse (System.String s) <0x40b756d0 + 0x00013> in <filename unknown>:0 
  at Deveel.Data.Types.StringTypeTests+<LocalizedVarChar_Parse>c__AnonStorey2.<>m__0 () [0x00000] in /var/calculate/remote/distfiles/egit-src/deveeldb.git/src/deveeldb-nunit/Deveel.Data.Types/StringTypeTests.cs:95 
  at NUnit.Framework.Constraints.VoidInvocationDescriptor.Invoke () <0x4168b3f0 + 0x00019> in <filename unknown>:0 
  at NUnit.Framework.Constraints.ExceptionInterceptor.Intercept (System.Object invocation) <0x4168ac70 + 0x00148> in <filename unknown>:0 
]]></message>
                          <stack-trace><![CDATA[at Deveel.Data.Types.StringTypeTests.LocalizedVarChar_Parse () [0x0000e] in /var/calculate/remote/distfiles/egit-src/deveeldb.git/src/deveeldb-nunit/Deveel.Data.Types/StringTypeTests.cs:95
]]></stack-trace>
                        </failure>
                      </test-case>
                      <test-case name="Deveel.Data.Types.StringTypeTests.LocalizedWithEncodingVarChar_Parse" executed="True" result="Failure" success="False" time="0.001" asserts="1">
                        <categories>
                          <category name="Strings" />
                          <category name="SQL Parse" />
                        </categories>
                        <failure>
                          <message><![CDATA[  Expected: No Exception to be thrown
  But was:   (Unable to parse the given string to a valid data type.)
  at Deveel.Data.Types.SqlType.Parse (IContext context, System.String s) <0x40b75700 + 0x001e7> in <filename unknown>:0 
  at Deveel.Data.Types.SqlType.Parse (System.String s) <0x40b756d0 + 0x00013> in <filename unknown>:0 
  at Deveel.Data.Types.StringTypeTests+<LocalizedWithEncodingVarChar_Parse>c__AnonStorey3.<>m__0 () [0x00000] in /var/calculate/remote/distfiles/egit-src/deveeldb.git/src/deveeldb-nunit/Deveel.Data.Types/StringTypeTests.cs:112 
  at NUnit.Framework.Constraints.VoidInvocationDescriptor.Invoke () <0x4168b3f0 + 0x00019> in <filename unknown>:0 
  at NUnit.Framework.Constraints.ExceptionInterceptor.Intercept (System.Object invocation) <0x4168ac70 + 0x00148> in <filename unknown>:0 
]]></message>
                          <stack-trace><![CDATA[at Deveel.Data.Types.StringTypeTests.LocalizedWithEncodingVarChar_Parse () [0x0000e] in /var/calculate/remote/distfiles/egit-src/deveeldb.git/src/deveeldb-nunit/Deveel.Data.Types/StringTypeTests.cs:112
]]></stack-trace>
                        </failure>
                      </test-case>
                      <test-case name="Deveel.Data.Types.StringTypeTests.SizedVarChar_Compare" executed="True" result="Success" success="True" time="0.000" asserts="3" />
                      <test-case name="Deveel.Data.Types.StringTypeTests.SizedVarChar_Create" executed="True" result="Success" success="True" time="0.000" asserts="2" />
                      <test-case name="Deveel.Data.Types.StringTypeTests.SizedVarChar_Parse" executed="True" result="Failure" success="False" time="0.001" asserts="1">
                        <failure>
                          <message><![CDATA[  Expected: No Exception to be thrown
  But was:   (Unable to parse the given string to a valid data type.)
  at Deveel.Data.Types.SqlType.Parse (IContext context, System.String s) <0x40b75700 + 0x001e7> in <filename unknown>:0 
  at Deveel.Data.Types.SqlType.Parse (System.String s) <0x40b756d0 + 0x00013> in <filename unknown>:0 
  at Deveel.Data.Types.StringTypeTests+<SizedVarChar_Parse>c__AnonStorey1.<>m__0 () [0x00000] in /var/calculate/remote/distfiles/egit-src/deveeldb.git/src/deveeldb-nunit/Deveel.Data.Types/StringTypeTests.cs:81 
  at NUnit.Framework.Constraints.VoidInvocationDescriptor.Invoke () <0x4168b3f0 + 0x00019> in <filename unknown>:0 
  at NUnit.Framework.Constraints.ExceptionInterceptor.Intercept (System.Object invocation) <0x4168ac70 + 0x00148> in <filename unknown>:0 
]]></message>
                          <stack-trace><![CDATA[at Deveel.Data.Types.StringTypeTests.SizedVarChar_Parse () [0x0000e] in /var/calculate/remote/distfiles/egit-src/deveeldb.git/src/deveeldb-nunit/Deveel.Data.Types/StringTypeTests.cs:81
]]></stack-trace>
                        </failure>
                      </test-case>
                      <test-case name="Deveel.Data.Types.StringTypeTests.SizedWithEncoding_Parse" executed="True" result="Failure" success="False" time="0.001" asserts="1">
                        <categories>
                          <category name="Strings" />
                          <category name="SQL Parse" />
                        </categories>
                        <failure>
                          <message><![CDATA[  Expected: No Exception to be thrown
  But was:   (Unable to parse the given string to a valid data type.)
  at Deveel.Data.Types.SqlType.Parse (IContext context, System.String s) <0x40b75700 + 0x001e7> in <filename unknown>:0 
  at Deveel.Data.Types.SqlType.Parse (System.String s) <0x40b756d0 + 0x00013> in <filename unknown>:0 
  at Deveel.Data.Types.StringTypeTests+<SizedWithEncoding_Parse>c__AnonStorey4.<>m__0 () [0x00000] in /var/calculate/remote/distfiles/egit-src/deveeldb.git/src/deveeldb-nunit/Deveel.Data.Types/StringTypeTests.cs:128 
  at NUnit.Framework.Constraints.VoidInvocationDescriptor.Invoke () <0x4168b3f0 + 0x00019> in <filename unknown>:0 
  at NUnit.Framework.Constraints.ExceptionInterceptor.Intercept (System.Object invocation) <0x4168ac70 + 0x00148> in <filename unknown>:0 
]]></message>
                          <stack-trace><![CDATA[at Deveel.Data.Types.StringTypeTests.SizedWithEncoding_Parse () [0x0000e] in /var/calculate/remote/distfiles/egit-src/deveeldb.git/src/deveeldb-nunit/Deveel.Data.Types/StringTypeTests.cs:128
]]></stack-trace>
                        </failure>
                      </test-case>
                    </results>
                  </test-suite>
                </results>
              </test-suite>
            </results>
          </test-suite>
        </results>
      </test-suite>
    </results>
  </test-suite>
</test-results>